{"level":"warn","message":"POST /ateneo/add - Nome gia presente","nome":"Politecnico di Milano","service":"reach17-api","timestamp":"2026-02-02 09:55:45","user":"admin"}
{"level":"warn","message":"DELETE /ateneo/delete - Id non valido","service":"reach17-api","timestamp":"2026-02-02 09:56:14","user":"admin"}
{"level":"warn","message":"DELETE /ateneo/delete - Id non valido","service":"reach17-api","timestamp":"2026-02-02 09:56:36","user":"admin"}
{"level":"warn","message":"DELETE /ateneo/delete - Id non valido","service":"reach17-api","timestamp":"2026-02-02 09:57:15","user":"admin"}
{"level":"warn","message":"DELETE /ateneo/delete - Id non valido","service":"reach17-api","timestamp":"2026-02-02 09:57:21","user":"admin"}
{"level":"warn","message":"DELETE /ateneo/delete - Id non valido","service":"reach17-api","timestamp":"2026-02-02 09:57:29","user":"admin"}
{"id":"27","level":"warn","message":"GET /ateneo/:id - Ateneo non trovato","service":"reach17-api","timestamp":"2026-02-02 09:58:48"}
{"error":"Duplicate entry '12-23' for key 'PRIMARY'","level":"error","message":"Errore POST /corsoateneo/add","service":"reach17-api","timestamp":"2026-02-02 10:17:42","username":"admin"}
{"id":1,"level":"warn","message":"GET /tipologie/:id - Tipologia non trovata","service":"reach17-api","timestamp":"2026-02-19 15:40:42"}
{"id":1,"level":"warn","message":"GET /tipologie/:id - Tipologia non trovata","service":"reach17-api","timestamp":"2026-02-19 15:40:52"}
{"level":"warn","message":"Validazione fallita per parametro 'id'","path":"/jj","service":"reach17-api","timestamp":"2026-02-19 15:40:59","value":"jj"}
{"level":"warn","message":"Validazione fallita per parametro 'id'","path":"/d","service":"reach17-api","timestamp":"2026-02-19 15:41:23","value":"d"}
{"level":"warn","message":"Validazione fallita per parametro 'id'","path":"/d","service":"reach17-api","timestamp":"2026-02-19 15:41:26","value":"d"}
{"level":"warn","message":"Validazione fallita per parametro 'id'","path":"/d","service":"reach17-api","timestamp":"2026-02-19 15:41:42","value":"d"}
{"id":155,"level":"warn","message":"GET /tipologie/:id - Tipologia non trovata","service":"reach17-api","timestamp":"2026-02-19 15:42:29"}
{"level":"warn","message":"Validazione fallita per parametro 'id'","path":"/1l5","service":"reach17-api","timestamp":"2026-02-19 15:42:36","value":"1l5"}
{"level":"warn","message":"Validazione fallita per parametro 'id'","path":"/1l5","service":"reach17-api","timestamp":"2026-02-19 15:42:45","value":"1l5"}
{"level":"warn","message":"Validazione fallita per parametro 'id'","path":"/1l5","service":"reach17-api","timestamp":"2026-02-19 15:42:47","value":"1l5"}
{"level":"warn","message":"Validazione fallita per parametro 'id'","path":"/1l5","service":"reach17-api","timestamp":"2026-02-19 15:44:05","value":"1l5"}
{"level":"warn","message":"GET /corso/:id - Id non valido","service":"reach17-api","timestamp":"2026-02-19 15:46:24"}
{"level":"warn","message":"DELETE /corso/delete - Id non valido","service":"reach17-api","timestamp":"2026-02-19 15:49:23","user":"admin"}
{"id":"150","level":"warn","message":"DELETE /corso/delete - Id non trovato","service":"reach17-api","timestamp":"2026-02-19 15:49:29","user":"admin"}
{"id":"15","level":"warn","message":"DELETE /corso/delete - Id non trovato","service":"reach17-api","timestamp":"2026-02-19 15:49:34","user":"admin"}
{"level":"warn","message":"GET /ateneo/:id - Id non valido","service":"reach17-api","timestamp":"2026-02-19 15:54:50"}
{"level":"warn","message":"Validazione fallita per campo 'nome' - campo mancante o non valido","path":"/","service":"reach17-api","timestamp":"2026-02-19 16:09:11","value":2}
{"length":1,"level":"warn","message":"Validazione fallita per campo 'nome' - lunghezza insufficiente","minLength":3,"path":"/","service":"reach17-api","timestamp":"2026-02-19 16:09:34","value":"d"}
{"length":1,"level":"warn","message":"Validazione fallita per campo 'nome' - lunghezza insufficiente","minLength":3,"path":"/","service":"reach17-api","timestamp":"2026-02-19 16:09:45","value":"d"}
{"length":1,"level":"warn","message":"Validazione fallita per campo 'nome' - lunghezza insufficiente","minLength":2,"path":"/","service":"reach17-api","timestamp":"2026-02-19 16:09:50","value":"d"}
{"level":"warn","message":"GET /corsoateneo/search/name - Nome non valido","service":"reach17-api","timestamp":"2026-02-19 17:02:11"}
{"body":{"nome":"prova"},"error":"","level":"error","message":"Errore gestito da globalErrorHandler","method":"GET","params":{},"path":"/tipologie","query":{},"service":"reach17-api","stack":"Error\n    at PromisePool.query (C:\\Esercizi Start2impact\\Node\\Reach17\\reach17\\node_modules\\mysql2\\lib\\promise\\pool.js:36:22)\n    at Object.findAll (C:\\Esercizi Start2impact\\Node\\Reach17\\reach17\\repositories\\tipologiaRepository.js:14:29)\n    at Object.getAllTipologie (C:\\Esercizi Start2impact\\Node\\Reach17\\reach17\\services\\tipologiaService.js:20:19)\n    at getAll (C:\\Esercizi Start2impact\\Node\\Reach17\\reach17\\controllers\\tipologiaController.js:18:55)\n    at C:\\Esercizi Start2impact\\Node\\Reach17\\reach17\\middleware\\errorHandler.js:5:21\n    at Layer.handleRequest (C:\\Esercizi Start2impact\\Node\\Reach17\\reach17\\node_modules\\router\\lib\\layer.js:152:17)\n    at next (C:\\Esercizi Start2impact\\Node\\Reach17\\reach17\\node_modules\\router\\lib\\route.js:157:13)\n    at Route.dispatch (C:\\Esercizi Start2impact\\Node\\Reach17\\reach17\\node_modules\\router\\lib\\route.js:117:3)\n    at handle (C:\\Esercizi Start2impact\\Node\\Reach17\\reach17\\node_modules\\router\\index.js:435:11)\n    at Layer.handleRequest (C:\\Esercizi Start2impact\\Node\\Reach17\\reach17\\node_modules\\router\\lib\\layer.js:152:17)","timestamp":"2026-02-20 10:46:23"}
{"error":"","level":"error","message":"Errore GET /corso/read","service":"reach17-api","stack":"Error\n    at PromisePool.query (C:\\Esercizi Start2impact\\Node\\Reach17\\reach17\\node_modules\\mysql2\\lib\\promise\\pool.js:36:22)\n    at C:\\Esercizi Start2impact\\Node\\Reach17\\reach17\\routes\\corso.js:36:33\n    at Layer.handleRequest (C:\\Esercizi Start2impact\\Node\\Reach17\\reach17\\node_modules\\router\\lib\\layer.js:152:17)\n    at next (C:\\Esercizi Start2impact\\Node\\Reach17\\reach17\\node_modules\\router\\lib\\route.js:157:13)\n    at Route.dispatch (C:\\Esercizi Start2impact\\Node\\Reach17\\reach17\\node_modules\\router\\lib\\route.js:117:3)\n    at handle (C:\\Esercizi Start2impact\\Node\\Reach17\\reach17\\node_modules\\router\\index.js:435:11)\n    at Layer.handleRequest (C:\\Esercizi Start2impact\\Node\\Reach17\\reach17\\node_modules\\router\\lib\\layer.js:152:17)\n    at C:\\Esercizi Start2impact\\Node\\Reach17\\reach17\\node_modules\\router\\index.js:295:15\n    at processParams (C:\\Esercizi Start2impact\\Node\\Reach17\\reach17\\node_modules\\router\\index.js:582:12)\n    at next (C:\\Esercizi Start2impact\\Node\\Reach17\\reach17\\node_modules\\router\\index.js:291:5)","timestamp":"2026-02-20 10:46:41"}
{"id":269,"level":"warn","message":"Tipologia non trovata","service":"reach17-api","timestamp":"2026-02-20 10:47:55"}
{"body":{"nome":"prova"},"error":"Tipologia non trovata","level":"error","message":"Errore gestito da globalErrorHandler","method":"GET","params":{},"path":"/tipologie/269","query":{},"service":"reach17-api","stack":"AppError: Tipologia non trovata\n    at Object.getTipologiaById (C:\\Esercizi Start2impact\\Node\\Reach17\\reach17\\services\\tipologiaService.js:11:11)\n    at process.processTicksAndRejections (node:internal/process/task_queues:95:5)\n    at async getById (C:\\Esercizi Start2impact\\Node\\Reach17\\reach17\\controllers\\tipologiaController.js:9:21)","timestamp":"2026-02-20 10:47:55"}
{"id":29,"level":"warn","message":"Tipologia non trovata","service":"reach17-api","timestamp":"2026-02-20 10:47:59"}
{"body":{"nome":"prova"},"error":"Tipologia non trovata","level":"error","message":"Errore gestito da globalErrorHandler","method":"GET","params":{},"path":"/tipologie/29","query":{},"service":"reach17-api","stack":"AppError: Tipologia non trovata\n    at Object.getTipologiaById (C:\\Esercizi Start2impact\\Node\\Reach17\\reach17\\services\\tipologiaService.js:11:11)\n    at process.processTicksAndRejections (node:internal/process/task_queues:95:5)\n    at async getById (C:\\Esercizi Start2impact\\Node\\Reach17\\reach17\\controllers\\tipologiaController.js:9:21)","timestamp":"2026-02-20 10:47:59"}
